<?xml version="1.0" encoding="UTF-8"?>
<testng-results ignored="0" total="1" passed="1" failed="0" skipped="0">
  <reporter-output>
  </reporter-output>
  <suite started-at="2024-01-02T20:54:32 EST" name="Default suite" finished-at="2024-01-02T20:54:37 EST" duration-ms="4820">
    <groups>
    </groups>
    <test started-at="2024-01-02T20:54:32 EST" name="Default test" finished-at="2024-01-02T20:54:37 EST" duration-ms="4820">
      <class name="question.Testfacebook">
        <test-method signature="login()[pri:0, instance:question.Testfacebook@6069db50]" started-at="2024-01-02T20:54:32 EST" name="login" finished-at="2024-01-02T20:54:37 EST" duration-ms="4784" status="PASS">
          <reporter-output>
          </reporter-output>
        </test-method> <!-- login -->
      </class> <!-- question.Testfacebook -->
    </test> <!-- Default test -->
  </suite> <!-- Default suite -->
</testng-results>
